<?xml version="1.0" encoding="UTF-8"?>
<!-- Generated by org.testng.reporters.JUnitXMLReporter -->
<testsuite hostname="khadija" ignored="0" name="AppiumLearningProject" tests="3" failures="2" timestamp="2023-01-23T07:32:25 IST" time="13.812" errors="0">
  <testcase name="verifyAccessibilityOptionText" time="0.414" classname="org.testngexample.AndroidBusinessValidationExample"/>
  <testcase name="verifyAnimationOptionText" time="0.51" classname="org.testngexample.AndroidBusinessValidationExample">
    <failure type="java.lang.AssertionError" message="expected [Animation] but found [Anmate]">
      <![CDATA[java.lang.AssertionError: expected [Animation] but found [Anmate]
at java.util.ArrayList.forEach(ArrayList.java:1257)
at com.intellij.rt.testng.IDEARemoteTestNG.run(IDEARemoteTestNG.java:66)
at com.intellij.rt.testng.RemoteTestNGStarter.main(RemoteTestNGStarter.java:109)
... Removed 31 stack frames]]>
    </failure>
  </testcase> <!-- verifyAnimationOptionText -->
  <testcase name="verifyVeiwOptionText" time="0.327" classname="org.testngexample.AndroidBusinessValidationExample">
    <failure type="java.lang.AssertionError" message="expected [Views] but found [View]">
      <![CDATA[java.lang.AssertionError: expected [Views] but found [View]
at java.util.ArrayList.forEach(ArrayList.java:1257)
at com.intellij.rt.testng.IDEARemoteTestNG.run(IDEARemoteTestNG.java:66)
at com.intellij.rt.testng.RemoteTestNGStarter.main(RemoteTestNGStarter.java:109)
... Removed 31 stack frames]]>
    </failure>
  </testcase> <!-- verifyVeiwOptionText -->
</testsuite> <!-- AppiumLearningProject -->
